<?xml version="1.0" encoding="UTF-8"?>
<!-- Generated by org.testng.reporters.JUnitXMLReporter -->
<testsuite ignored="3" hostname="DESKTOP-DOLFA58" failures="0" tests="1" name="Default test" time="0.345" errors="0" timestamp="2023-06-15T17:43:25 IST">
  <testcase classname="com.Automation.baseclass" name="methodtest4" time="0.074"/>
  <testcase classname="com.Automation.baseclass" name="method1" time="0.0">
    <ignored/>
  </testcase> <!-- method1 -->
  <testcase classname="com.Automation.baseclass" name="methodtest3" time="0.0">
    <ignored/>
  </testcase> <!-- methodtest3 -->
  <testcase classname="com.Automation.baseclass" name="method2" time="0.0">
    <ignored/>
  </testcase> <!-- method2 -->
</testsuite> <!-- Default test -->
