<?xml version="1.0" encoding="UTF-8"?>
<testng-results ignored="3" total="4" passed="1" failed="0" skipped="0">
  <reporter-output>
  </reporter-output>
  <suite started-at="2023-06-15T17:43:23 IST" name="Default suite" finished-at="2023-06-15T17:43:23 IST" duration-ms="94">
    <groups>
    </groups>
    <test started-at="2023-06-15T17:43:23 IST" name="Default test" finished-at="2023-06-15T17:43:23 IST" duration-ms="94">
      <class name="com.Automation.baseclass">
        <test-method is-config="true" signature="method9()[pri:0, instance:com.Automation.baseclass@3ba9ad43]" started-at="2023-06-15T17:43:23 IST" name="method9" finished-at="2023-06-15T17:43:23 IST" duration-ms="11" status="PASS">
          <reporter-output>
          </reporter-output>
        </test-method> <!-- method9 -->
        <test-method is-config="true" signature="method4()[pri:0, instance:com.Automation.baseclass@3ba9ad43]" started-at="2023-06-15T17:43:23 IST" name="method4" finished-at="2023-06-15T17:43:23 IST" duration-ms="1" status="PASS">
          <reporter-output>
          </reporter-output>
        </test-method> <!-- method4 -->
        <test-method is-config="true" signature="method7()[pri:0, instance:com.Automation.baseclass@3ba9ad43]" started-at="2023-06-15T17:43:23 IST" name="method7" finished-at="2023-06-15T17:43:23 IST" duration-ms="1" status="PASS">
          <reporter-output>
          </reporter-output>
        </test-method> <!-- method7 -->
        <test-method signature="methodtest4()[pri:0, instance:com.Automation.baseclass@3ba9ad43]" started-at="2023-06-15T17:43:23 IST" name="methodtest4" finished-at="2023-06-15T17:43:23 IST" duration-ms="22" status="PASS">
          <reporter-output>
          </reporter-output>
        </test-method> <!-- methodtest4 -->
        <test-method is-config="true" signature="method8()[pri:0, instance:com.Automation.baseclass@3ba9ad43]" started-at="2023-06-15T17:43:23 IST" name="method8" finished-at="2023-06-15T17:43:23 IST" duration-ms="2" status="PASS">
          <reporter-output>
          </reporter-output>
        </test-method> <!-- method8 -->
        <test-method is-config="true" signature="method6()[pri:0, instance:com.Automation.baseclass@3ba9ad43]" started-at="2023-06-15T17:43:23 IST" name="method6" finished-at="2023-06-15T17:43:23 IST" duration-ms="6" status="PASS">
          <reporter-output>
          </reporter-output>
        </test-method> <!-- method6 -->
        <test-method is-config="true" signature="method10()[pri:0, instance:com.Automation.baseclass@3ba9ad43]" started-at="2023-06-15T17:43:26 IST" name="method10" finished-at="2023-06-15T17:43:26 IST" duration-ms="1" status="PASS">
          <reporter-output>
          </reporter-output>
        </test-method> <!-- method10 -->
      </class> <!-- com.Automation.baseclass -->
    </test> <!-- Default test -->
  </suite> <!-- Default suite -->
</testng-results>
